TN:
SF:server.js
FN:68,(anonymous_0)
FN:74,(anonymous_1)
FN:131,(anonymous_2)
FN:136,(anonymous_3)
FN:149,(anonymous_4)
FN:150,(anonymous_5)
FN:174,(anonymous_6)
FN:187,(anonymous_7)
FN:194,(anonymous_8)
FN:204,(anonymous_9)
FN:216,(anonymous_10)
FN:225,(anonymous_11)
FNF:12
FNH:4
FNDA:3,(anonymous_0)
FNDA:3,(anonymous_1)
FNDA:0,(anonymous_2)
FNDA:0,(anonymous_3)
FNDA:2,(anonymous_4)
FNDA:0,(anonymous_5)
FNDA:3,(anonymous_6)
FNDA:0,(anonymous_7)
FNDA:0,(anonymous_8)
FNDA:0,(anonymous_9)
FNDA:0,(anonymous_10)
FNDA:0,(anonymous_11)
DA:1,2
DA:2,2
DA:3,2
DA:4,2
DA:5,2
DA:6,2
DA:7,2
DA:8,2
DA:9,2
DA:10,2
DA:11,2
DA:12,2
DA:13,2
DA:14,2
DA:15,2
DA:16,2
DA:18,2
DA:23,2
DA:47,2
DA:57,2
DA:65,2
DA:68,3
DA:73,2
DA:76,3
DA:78,0
DA:85,0
DA:86,0
DA:88,0
DA:96,2
DA:99,2
DA:100,2
DA:101,2
DA:102,2
DA:105,2
DA:122,2
DA:131,2
DA:132,0
DA:136,2
DA:137,0
DA:141,2
DA:144,2
DA:145,2
DA:148,2
DA:149,2
DA:150,0
DA:153,2
DA:154,0
DA:155,0
DA:160,2
DA:161,2
DA:162,2
DA:163,2
DA:164,2
DA:167,2
DA:168,2
DA:169,2
DA:170,2
DA:171,2
DA:174,2
DA:175,3
DA:184,2
DA:185,0
DA:187,0
DA:188,0
DA:194,2
DA:195,0
DA:196,0
DA:200,0
DA:204,2
DA:205,0
DA:207,0
DA:209,0
DA:216,2
DA:217,0
DA:221,2
DA:224,2
DA:225,0
DA:226,0
DA:227,0
DA:228,0
DA:229,0
DA:230,0
DA:231,0
DA:232,0
DA:233,0
DA:237,2
LF:86
LH:58
BRDA:59,0,0,0
BRDA:59,0,1,2
BRDA:76,1,0,3
BRDA:76,1,1,0
BRDA:85,2,0,0
BRDA:85,2,1,0
BRDA:106,3,0,2
BRDA:106,3,1,0
BRDA:110,4,0,2
BRDA:110,4,1,0
BRDA:148,5,0,2
BRDA:148,5,1,0
BRDA:153,6,0,0
BRDA:153,6,1,2
BRDA:178,7,0,3
BRDA:178,7,1,0
BRDA:179,8,0,0
BRDA:179,8,1,3
BRDA:184,9,0,0
BRDA:184,9,1,2
BRDA:195,10,0,0
BRDA:195,10,1,0
BRDA:209,11,0,0
BRDA:209,11,1,0
BRDA:210,12,0,0
BRDA:210,12,1,0
BRDA:211,13,0,0
BRDA:211,13,1,0
BRDA:221,14,0,2
BRDA:221,14,1,0
BRDA:224,15,0,0
BRDA:224,15,1,2
BRF:32
BRH:11
end_of_record
TN:
SF:middleware\validation.js
FN:72,(anonymous_0)
FN:95,(anonymous_1)
FN:105,(anonymous_2)
FN:109,(anonymous_3)
FN:125,(anonymous_4)
FN:141,(anonymous_5)
FN:154,(anonymous_6)
FN:171,(anonymous_7)
FN:188,(anonymous_8)
FN:202,(anonymous_9)
FN:206,(anonymous_10)
FN:220,(anonymous_11)
FN:244,(anonymous_12)
FN:260,(anonymous_13)
FNF:14
FNH:0
FNDA:0,(anonymous_0)
FNDA:0,(anonymous_1)
FNDA:0,(anonymous_2)
FNDA:0,(anonymous_3)
FNDA:0,(anonymous_4)
FNDA:0,(anonymous_5)
FNDA:0,(anonymous_6)
FNDA:0,(anonymous_7)
FNDA:0,(anonymous_8)
FNDA:0,(anonymous_9)
FNDA:0,(anonymous_10)
FNDA:0,(anonymous_11)
FNDA:0,(anonymous_12)
FNDA:0,(anonymous_13)
DA:2,0
DA:3,0
DA:4,0
DA:7,0
DA:72,0
DA:73,0
DA:74,0
DA:78,0
DA:79,0
DA:81,0
DA:82,0
DA:83,0
DA:85,0
DA:86,0
DA:90,0
DA:91,0
DA:95,0
DA:96,0
DA:105,0
DA:109,0
DA:110,0
DA:114,0
DA:120,0
DA:125,0
DA:141,0
DA:149,0
DA:154,0
DA:167,0
DA:172,0
DA:173,0
DA:174,0
DA:176,0
DA:188,0
DA:202,0
DA:206,0
DA:207,0
DA:209,0
DA:211,0
DA:218,0
DA:220,0
DA:228,0
DA:234,0
DA:244,0
DA:245,0
DA:247,0
DA:248,0
DA:250,0
DA:251,0
DA:252,0
DA:256,0
DA:260,0
DA:261,0
DA:262,0
DA:263,0
DA:266,0
DA:269,0
LF:56
LH:0
BRDA:73,0,0,0
BRDA:73,0,1,0
BRDA:82,1,0,0
BRDA:82,1,1,0
BRDA:86,2,0,0
BRDA:86,2,1,0
BRDA:97,3,0,0
BRDA:97,3,1,0
BRDA:173,4,0,0
BRDA:173,4,1,0
BRDA:173,5,0,0
BRDA:173,5,1,0
BRDA:209,6,0,0
BRDA:209,6,1,0
BRDA:245,7,0,0
BRDA:245,7,1,0
BRDA:247,8,0,0
BRDA:247,8,1,0
BRDA:247,9,0,0
BRDA:247,9,1,0
BRDA:248,10,0,0
BRDA:248,10,1,0
BRDA:250,11,0,0
BRDA:250,11,1,0
BRDA:261,12,0,0
BRDA:261,12,1,0
BRDA:262,13,0,0
BRDA:262,13,1,0
BRF:28
BRH:0
end_of_record
TN:
SF:routes\auth.js
FN:7,(anonymous_0)
FN:12,(anonymous_1)
FN:21,(anonymous_2)
FN:75,(anonymous_3)
FN:124,(anonymous_4)
FN:133,(anonymous_5)
FN:134,(anonymous_6)
FN:145,(anonymous_7)
FNF:8
FNH:0
FNDA:0,(anonymous_0)
FNDA:0,(anonymous_1)
FNDA:0,(anonymous_2)
FNDA:0,(anonymous_3)
FNDA:0,(anonymous_4)
FNDA:0,(anonymous_5)
FNDA:0,(anonymous_6)
FNDA:0,(anonymous_7)
DA:1,2
DA:2,2
DA:3,2
DA:4,2
DA:7,2
DA:8,0
DA:12,2
DA:13,0
DA:14,0
DA:16,0
DA:21,2
DA:22,0
DA:23,0
DA:28,0
DA:31,0
DA:32,0
DA:36,0
DA:40,0
DA:41,0
DA:42,0
DA:46,0
DA:47,0
DA:48,0
DA:49,0
DA:53,0
DA:56,0
DA:63,0
DA:69,0
DA:70,0
DA:75,2
DA:76,0
DA:77,0
DA:79,0
DA:82,0
DA:83,0
DA:87,0
DA:94,0
DA:95,0
DA:99,0
DA:100,0
DA:101,0
DA:104,0
DA:113,0
DA:114,0
DA:116,0
DA:121,0
DA:123,0
DA:124,0
DA:125,0
DA:128,0
DA:133,2
DA:134,0
DA:135,0
DA:136,0
DA:137,0
DA:139,0
DA:140,0
DA:145,2
DA:146,0
DA:147,0
DA:149,0
DA:153,2
LF:62
LH:11
BRDA:13,0,0,0
BRDA:13,0,1,0
BRDA:31,1,0,0
BRDA:31,1,1,0
BRDA:31,2,0,0
BRDA:31,2,1,0
BRDA:31,2,2,0
BRDA:40,3,0,0
BRDA:40,3,1,0
BRDA:47,4,0,0
BRDA:47,4,1,0
BRDA:82,5,0,0
BRDA:82,5,1,0
BRDA:82,6,0,0
BRDA:82,6,1,0
BRDA:82,6,2,0
BRDA:82,6,3,0
BRDA:82,6,4,0
BRDA:94,7,0,0
BRDA:94,7,1,0
BRDA:123,8,0,0
BRDA:123,8,1,0
BRDA:135,9,0,0
BRDA:135,9,1,0
BRDA:146,10,0,0
BRDA:146,10,1,0
BRF:26
BRH:0
end_of_record
TN:
SF:routes\employeeAuth.js
FN:7,(anonymous_0)
FN:84,(anonymous_1)
FN:85,(anonymous_2)
FN:96,(anonymous_3)
FNF:4
FNH:0
FNDA:0,(anonymous_0)
FNDA:0,(anonymous_1)
FNDA:0,(anonymous_2)
FNDA:0,(anonymous_3)
DA:1,2
DA:2,2
DA:3,2
DA:4,2
DA:7,2
DA:8,0
DA:9,0
DA:11,0
DA:13,0
DA:14,0
DA:17,0
DA:22,0
DA:23,0
DA:24,0
DA:28,0
DA:29,0
DA:30,0
DA:35,0
DA:37,0
DA:38,0
DA:39,0
DA:42,0
DA:43,0
DA:47,0
DA:48,0
DA:49,0
DA:52,0
DA:53,0
DA:57,0
DA:58,0
DA:59,0
DA:60,0
DA:62,0
DA:71,0
DA:72,0
DA:78,0
DA:79,0
DA:84,2
DA:85,0
DA:86,0
DA:87,0
DA:88,0
DA:90,0
DA:91,0
DA:96,2
DA:97,0
DA:98,0
DA:100,0
DA:104,2
LF:49
LH:8
BRDA:13,0,0,0
BRDA:13,0,1,0
BRDA:13,1,0,0
BRDA:13,1,1,0
BRDA:22,2,0,0
BRDA:22,2,1,0
BRDA:28,3,0,0
BRDA:28,3,1,0
BRDA:28,4,0,0
BRDA:28,4,1,0
BRDA:37,5,0,0
BRDA:37,5,1,0
BRDA:42,6,0,0
BRDA:42,6,1,0
BRDA:47,7,0,0
BRDA:47,7,1,0
BRDA:86,8,0,0
BRDA:86,8,1,0
BRDA:97,9,0,0
BRDA:97,9,1,0
BRF:20
BRH:0
end_of_record
TN:
SF:routes\employeeTransactions.js
FN:17,(anonymous_0)
FN:25,(anonymous_1)
FN:55,(anonymous_2)
FN:74,(anonymous_3)
FN:126,(anonymous_4)
FN:177,(anonymous_5)
FN:200,(anonymous_6)
FN:226,(anonymous_7)
FN:245,(anonymous_8)
FNF:9
FNH:0
FNDA:0,(anonymous_0)
FNDA:0,(anonymous_1)
FNDA:0,(anonymous_2)
FNDA:0,(anonymous_3)
FNDA:0,(anonymous_4)
FNDA:0,(anonymous_5)
FNDA:0,(anonymous_6)
FNDA:0,(anonymous_7)
FNDA:0,(anonymous_8)
DA:2,2
DA:3,2
DA:4,2
DA:5,2
DA:8,2
DA:17,2
DA:18,0
DA:19,0
DA:21,0
DA:25,2
DA:26,0
DA:27,0
DA:30,0
DA:31,0
DA:32,0
DA:36,0
DA:42,0
DA:44,0
DA:46,0
DA:47,0
DA:55,2
DA:56,0
DA:57,0
DA:62,0
DA:63,0
DA:66,0
DA:68,0
DA:69,0
DA:74,2
DA:75,0
DA:76,0
DA:77,0
DA:79,0
DA:82,0
DA:84,0
DA:85,0
DA:89,0
DA:90,0
DA:96,0
DA:97,0
DA:98,0
DA:100,0
DA:101,0
DA:104,0
DA:106,0
DA:109,0
DA:111,0
DA:117,0
DA:118,0
DA:126,2
DA:127,0
DA:128,0
DA:130,0
DA:133,0
DA:135,0
DA:136,0
DA:140,0
DA:141,0
DA:147,0
DA:148,0
DA:154,0
DA:155,0
DA:156,0
DA:158,0
DA:160,0
DA:162,0
DA:168,0
DA:169,0
DA:177,2
DA:178,0
DA:179,0
DA:181,0
DA:183,0
DA:184,0
DA:188,0
DA:193,0
DA:194,0
DA:200,0
DA:201,0
DA:202,0
DA:203,0
DA:204,0
DA:207,0
DA:209,0
DA:211,0
DA:217,0
DA:218,0
DA:226,2
DA:227,0
DA:228,0
DA:238,0
DA:245,0
DA:246,0
DA:247,0
DA:250,0
DA:252,0
DA:253,0
DA:257,2
LF:98
LH:13
BRDA:18,0,0,0
BRDA:18,0,1,0
BRDA:31,1,0,0
BRDA:31,1,1,0
BRDA:31,2,0,0
BRDA:31,2,1,0
BRDA:49,3,0,0
BRDA:49,3,1,0
BRDA:62,4,0,0
BRDA:62,4,1,0
BRDA:84,5,0,0
BRDA:84,5,1,0
BRDA:89,6,0,0
BRDA:89,6,1,0
BRDA:100,7,0,0
BRDA:100,7,1,0
BRDA:120,8,0,0
BRDA:120,8,1,0
BRDA:135,9,0,0
BRDA:135,9,1,0
BRDA:140,10,0,0
BRDA:140,10,1,0
BRDA:147,11,0,0
BRDA:147,11,1,0
BRDA:171,12,0,0
BRDA:171,12,1,0
BRDA:183,13,0,0
BRDA:183,13,1,0
BRDA:183,14,0,0
BRDA:183,14,1,0
BRDA:193,15,0,0
BRDA:193,15,1,0
BRDA:220,16,0,0
BRDA:220,16,1,0
BRF:34
BRH:0
end_of_record
TN:
SF:routes\payments.js
FN:6,(anonymous_0)
FNF:1
FNH:0
FNDA:0,(anonymous_0)
DA:2,0
DA:3,0
DA:6,0
DA:7,0
DA:10,0
LF:5
LH:0
BRF:0
BRH:0
end_of_record
TN:
SF:routes\transactions.js
FN:54,(anonymous_0)
FN:61,(anonymous_1)
FN:110,(anonymous_2)
FNF:3
FNH:0
FNDA:0,(anonymous_0)
FNDA:0,(anonymous_1)
FNDA:0,(anonymous_2)
DA:1,2
DA:2,2
DA:3,2
DA:4,2
DA:5,2
DA:8,2
DA:17,2
DA:55,0
DA:57,0
DA:58,0
DA:59,0
DA:61,0
DA:66,0
DA:67,0
DA:68,0
DA:72,0
DA:83,0
DA:85,0
DA:87,0
DA:99,0
DA:101,0
DA:110,2
DA:111,0
DA:112,0
DA:113,0
DA:114,0
DA:118,0
DA:123,0
DA:126,0
DA:127,0
DA:134,2
LF:31
LH:9
BRDA:58,0,0,0
BRDA:58,0,1,0
BRDA:67,1,0,0
BRDA:67,1,1,0
BRDA:103,2,0,0
BRDA:103,2,1,0
BRDA:113,3,0,0
BRDA:113,3,1,0
BRDA:129,4,0,0
BRDA:129,4,1,0
BRF:10
BRH:0
end_of_record
TN:
SF:routes\users.js
FN:15,(anonymous_0)
FN:37,(anonymous_1)
FNF:2
FNH:0
FNDA:0,(anonymous_0)
FNDA:0,(anonymous_1)
DA:1,2
DA:2,2
DA:3,2
DA:4,2
DA:6,2
DA:15,2
DA:16,0
DA:17,0
DA:18,0
DA:19,0
DA:22,0
DA:25,0
DA:26,0
DA:29,0
DA:31,0
DA:32,0
DA:37,2
DA:38,0
DA:41,2
LF:19
LH:8
BRDA:18,0,0,0
BRDA:18,0,1,0
BRDA:25,1,0,0
BRDA:25,1,1,0
BRF:4
BRH:0
end_of_record
